===== FINALS PANEL AUDIT START =====
Sun May 10 11:20:12 AM PST 2026

===== GIT STATE =====
## sandbox-ui-hierarchy-finals-night-2...origin/sandbox-ui-hierarchy-finals-night-2
 M src/styles.css
sandbox-ui-hierarchy-finals-night-2
02fd205 Rename visible final round labels to finals
ac163db Match TV credit banner exactly to compact footer
6822c02 Match TV credit banner to main footer
2acb4dd Polish developer credit banner
289e306 Polish TV display banner and stage
870670b Fix admin scroll header QA issue
eb86372 Polish admin dashboard premium glass hierarchy
ef895d2 Sandbox clean Finals Night 2 hierarchy and Top 3 colors

===== NIGHT 2 LABEL CHECK =====
PASS: no visible Night 2 labels

===== FINAL JSX STRUCTURE =====
577:function FinalInterviewJudgePanel({ judge }) {
578-  const [contestants, setContestants] = useState([]);
579-  const [criteria, setCriteria] = useState([]);
580-  const [scores, setScores] = useState({});
581-  const [judgeStatus, setJudgeStatus] = useState(null);
582-  const [status, setStatus] = useState('');
583-  const [finalReady, setFinalReady] = useState(false);
584-  const [readiness, setReadiness] = useState(null);
585-  const [loading, setLoading] = useState(true);
586-  const [submitting, setSubmitting] = useState(false);
587-
588-  async function loadFinalInterview() {
589-    const setup = await api('/api/final/setup');
590-    const saved = await api(`/api/final/judge/${judge.id}/scores`).catch(() => []);
591-    const currentStatus = await api(`/api/final/judge/${judge.id}/status`).catch(() => ({
592-      submitted: false,
593-      submitted_at: null,
594-      required_count: 0,
595-      score_count: 0
596-    }));
597-
598-    const map = {};
599-    saved.forEach((s) => {
600-      map[`${s.contestant_id}-${s.criteria_key}`] = s.score;
601-    });
602-    setFinalReady(Boolean(setup.ready));
603-    setReadiness(setup);
604-    setContestants(setup.contestants || []);
605-    setCriteria(setup.criteria || []);
606-    setScores(map);
607-    setJudgeStatus(currentStatus);
608-  }
609-
610-  useEffect(() => {
611-    loadFinalInterview()
612-      .catch((err) => setStatus(err.message))
613-      .finally(() => setLoading(false));
614-  }, [judge.id]);
615-
616-  const isLocked = Boolean(judgeStatus?.submitted);
617-  const totalFields = contestants.length * criteria.length;
618-  const filledFields = Object.values(scores).filter((value) => value !== '').length;
619-  const progress = totalFields > 0 ? Math.round((filledFields / totalFields) * 100) : 0;
620-  const canSubmit = !isLocked && totalFields > 0 && filledFields >= totalFields;
621-
622-  function candidateFinalSubtotal(candidateId) {
623-    return criteria.reduce((sum, cr) => {
624-      const value = Number(scores[`${candidateId}-${cr.key}`]);
625-      const weight = Number(cr.weight || 0);
626-      return Number.isNaN(value) ? sum : sum + value * weight;
627-    }, 0);
628-  }
629-
630-  async function saveFinalScore(contestantId, criteriaKey, score) {
631-    if (isLocked) {
632-      setStatus('Finals scores are already locked.');
633-      return;
634-    }
635-
636-    const key = `${contestantId}-${criteriaKey}`;
637-
638-    setScores((old) => ({
639-      ...old,
640-      [key]: score
641-    }));
642-
643-    if (score === '') return;
644-
645-    setStatus('Saving Finals score...');
646-
647-    try {
648-      await api('/api/final/scores', {
649-        method: 'POST',
650-        body: JSON.stringify({
651-          judgeId: judge.id,
652-          contestantId,
653-          criteriaKey,
654-          score
655-        })
656-      });
657-
658-      const currentStatus = await api(`/api/final/judge/${judge.id}/status`).catch(() => judgeStatus);
659-      setJudgeStatus(currentStatus);
660-      setStatus('Finals score saved ✓');
661-    } catch (err) {
662-      setStatus(err.message);
663-    }
664-  }
665-
666-  async function finalInterviewSubmit() {
667-    if (!canSubmit) {
668-      setStatus(`Complete all Finals scores first. ${filledFields}/${totalFields} fields filled.`);
669-      return;
670-    }
671-
672-    const yes = window.confirm(
673-      'Submit Finals scores? After this, your Finals scores will be locked.'
674-    );
675-
676-    if (!yes) return;
677-
678-    setSubmitting(true);
679-    setStatus('Submitting Finals scores...');
680-
681-    try {
682-      const result = await api(`/api/final/judge/${judge.id}/submit`, {
683-        method: 'POST'
684-      });
685-
686-      const currentStatus = await api(`/api/final/judge/${judge.id}/status`).catch(() => ({
687-        submitted: true,
688-        submitted_at: result.submitted_at
689-      }));
690-
691-      setJudgeStatus(currentStatus);
692-      setStatus(`Finals submitted and locked at ${formatDateTime(result.submitted_at)}.`);
693-    } catch (err) {
694-      setStatus(err.message);
695-    } finally {
696-      setSubmitting(false);
697-    }
698-  }
699-
700-  if (loading) {
701-    return (
702-      <section className="panel final-round-panel">
703-        <p className="eyebrow">Finals</p>
704-        <p>Loading Finals...</p>
705-      </section>
706-    );
707-  }
708-
709-  if (!finalReady) {
710-    return (
711-      <section className="panel final-round-panel final-round-locked">
712-        <div>
713-          <p className="eyebrow">Finals · Locked</p>
714-          <h2>Finals opens after the Top 3 are official.</h2>
715-          <p>
716-            Complete and final-submit all Preliminary Round scores first. Current Preliminary Round
717-            submissions: {readiness?.submitted_judges ?? 0}/{readiness?.total_judges ?? 0} judges.
718-          </p>
719-        </div>
720-        <div className="locked-badge">🔒 Waiting for Preliminary Round lock</div>
721-      </section>
722-    );
723-  }
724-
725-  return (
726-    <section className="panel final-round-panel">
727-      <div className="final-round-head">
728-        <div>
729-          <p className="eyebrow">Finals · Top 3 Only</p>
730-          <h2>Decisive Final Round</h2>
731-          <p>
732-            Final ranking is based on Beauty and Poise 60% plus Wit, Intelligence,
733-            and Quality of Answer 40%.
734-          </p>
735-        </div>
736-
737-        <div className="progress-card final-progress-card">
738-          <strong>{progress}%</strong>
739-          <span>{filledFields} of {totalFields} fields filled</span>
740-          <div className="progress-bar">
741-            <div style={{ width: `${progress}%` }} />
742-          </div>
743-        </div>
744-
745-        <div className="final-submit-card">
746-          {isLocked ? (
747-            <div className="locked-badge">🔒 Finals Locked</div>
748-          ) : (
749-            <>
750-              <button
751-                className="btn btn-primary full"
752-                onClick={finalInterviewSubmit}
753-                disabled={!canSubmit || submitting}
754-              >
755-                {submitting ? 'Submitting...' : 'Submit Finals'}
756-              </button>
757-              <p className="warning-note">Locks Finals scores only.</p>
758-            </>
759-          )}
760-        </div>
761-      </div>
762-
763-      {status && (
764-        <div className={status.includes('saved') || status.includes('locked') ? 'toast success' : 'toast'}>
765-          {status}
766-        </div>
767-      )}
768-
769-      <div className="final-candidate-grid">
770-        {contestants.map((candidate) => (
771-          <article className="candidate-card final-candidate-card" key={candidate.id}>
772-            <div className="candidate-head">
773-              <div>
774-                <span className="candidate-number">Top 3 · Candidate #{candidate.number}</span>
775-                <h3>{candidate.name}</h3>
776-                <p className="prefinal-note">
777-                  Preliminary Round score: {Number(candidate.pre_final_score || 0).toFixed(2)}
778-                </p>
779-              </div>
780-
781-              <div className="subtotal">
782-                <span>Final</span>
783-                <strong>{candidateFinalSubtotal(candidate.id).toFixed(2)}</strong>
784-              </div>
785-            </div>
786-
787-            <div className="score-grid final-score-grid">
788-              {criteria.map((cr) => {
789-                const key = `${candidate.id}-${cr.key}`;
790-
791-                return (
792-                  <label className="score-field" key={cr.key}>
793-                    <span>{cr.name}</span>
794-                    <small>
795-                      Input / {Number(cr.max_score).toFixed(0)} · Counts as {(Number(cr.weight || 0) * 100).toFixed(0)}%
796-                    </small>
797-

===== FINAL CSS MARKERS =====
4442:/* ===== KIRCH FINAL JUDGE PANEL POLISH START ===== */
4640:/* ===== KIRCH FINAL JUDGE PANEL POLISH END ===== */

===== FINAL GRID CSS OCCURRENCES =====
1768:.final-round-panel,
1775:.final-round-head {
1782:.final-round-head h2 {
1790:.final-candidate-grid {
1795:.final-candidate-card {
1799:.final-score-grid {
1850:  .final-round-head,
1855:  .final-score-grid {
1899:.final-round-panel {
4445:.final-round-panel {
4456:.final-round-panel::before,
4457:.final-round-panel::after,
4458:.final-candidate-card::before,
4459:.final-candidate-card::after {
4463:.final-round-head {
4476:.final-round-head h2 {
4483:.final-round-head p:not(.eyebrow) {
4519:.final-candidate-grid {
4526:.final-candidate-card {
4536:.final-candidate-card .candidate-head {
4545:.final-candidate-card .candidate-number {
4556:.final-candidate-card h3 {
4578:.final-candidate-card .subtotal {
4587:.final-candidate-card .subtotal span {
4591:.final-candidate-card .subtotal strong {
4597:.final-score-grid {
4604:.final-score-grid .score-field {
4612:.final-score-grid .score-field span {
4617:.final-score-grid .score-field small {
4622:.final-score-grid input {
4632:  .final-round-head {
4636:  .final-candidate-grid {

===== BASE CONFLICT CSS =====
197:.candidate-card,
472:.content-grid {
577:.candidate-list {
582:.candidate-card {
607:.candidate-card h3 {
631:.score-grid {
901:  .score-grid,
1535:.candidate-card,
1672:.candidate-card,

===== BUILD =====

> pageant-judging@1.0.0 build
> vite build

vite v5.4.21 building for production...
transforming...
✓ 34 modules transformed.
rendering chunks...
computing gzip size...
dist/index.html                   0.42 kB │ gzip:  0.28 kB
dist/assets/index-CcTZjPKt.css   69.09 kB │ gzip: 12.34 kB
dist/assets/index-COqTJ1GZ.js   233.24 kB │ gzip: 69.30 kB
✓ built in 1.24s

===== BUILT CSS FINAL CHECK =====
CSS_FILE=dist/assets/index-CcTZjPKt.css
3
5

===== AUDIT DONE =====
